#
# A fatal error has been detected by the Java Runtime Environment:
#
#  SIGSEGV (0xb) at pc=0x0000000120a72ebf, pid=53035, tid=0x0000000000001c03
#
# JRE version: Java(TM) SE Runtime Environment (8.0_151-b12) (build 1.8.0_151-b12)
# Java VM: Java HotSpot(TM) 64-Bit Server VM (25.151-b12 mixed mode bsd-amd64 compressed oops)
# Problematic frame:
# C  [pathfinderJNI9118054645874385692.dylib+0x4ebf]  pf_trajectory_fromSecondOrderFilter+0x36f
#
# Failed to write core dump. Core dumps have been disabled. To enable core dumping, try "ulimit -c unlimited" before starting Java again
#
# If you would like to submit a bug report, please visit:
#   http://bugreport.java.com/bugreport/crash.jsp
# The crash happened outside the Java Virtual Machine in native code.
# See problematic frame for where to report the bug.
#

---------------  T H R E A D  ---------------

Current thread (0x00007f8d75807000):  JavaThread "main" [_thread_in_native, id=7171, stack(0x00007000033c1000,0x00007000034c1000)]

siginfo: si_signo: 11 (SIGSEGV), si_code: 1 (SEGV_MAPERR), si_addr: 0x00007f8d78800020

Registers:
RAX=0x0000000000000040, RBX=0x000000010dd130c0, RCX=0x00007000034c0150, RDX=0x0000000000000040
RSP=0x00007000034c00f0, RBP=0x00007000034c01d0, RSI=0x0000000002791800, RDI=0x00007f8d78800000
R8 =0x000000035614d6c0, R9 =0x0000000120a77000, R10=0x0000000000000000, R11=0xfffff0728acc0190
R12=0x0000000000000000, R13=0x000000010dd130c0, R14=0x00007000034c0730, R15=0x00007f8d75807000
RIP=0x0000000120a72ebf, EFLAGS=0x0000000000010206, ERR=0x0000000000000006
  TRAPNO=0x000000000000000e

Top of Stack: (sp=0x00007000034c00f0)
0x00007000034c00f0:   00007f8d75002a60 00007f8d787fffc0
0x00007000034c0100:   41ab8df940000000 41ab8df940000000
0x00007000034c0110:   41ab8df940000000 0000000000000000
0x00007000034c0120:   000000010dd142f0 41ab8df942000000
0x00007000034c0130:   bff0000000000000 0009e460034c0120
0x00007000034c0140:   3fefe9169921d6f8 0000000120a77000
0x00007000034c0150:   00007000034c0550 0000000000000000
0x00007000034c0160:   0000000000000000 0000000000000000
0x00007000034c0170:   0000000000000066 0000000000000000
0x00007000034c0180:   0000000000000000 0000000000000000
0x00007000034c0190:   00007f8d7606e800 6ac29ad80e13b9c0
0x00007000034c01a0:   0000000000000000 0000000000000066
0x00007000034c01b0:   0000000103465185 00007000034c0550
0x00007000034c01c0:   000000010da7bd28 00007f8d0dd0e100
0x00007000034c01d0:   00007000034c0220 0000000120a72a84
0x00007000034c01e0:   0000000000000000 00007000034c0260
0x00007000034c01f0:   00007000034c0230 0000000000000001
0x00007000034c0200:   0000000101f4ca00 0000000101f4de00
0x00007000034c0210:   00007f8d7606e800 00007fff934bf472
0x00007000034c0220:   00007000034c0450 0000000120a71f61
0x00007000034c0230:   000000010dd0e100 000000076ac29ad8
0x00007000034c0240:   00007000034c0550 0000000103465185
0x00007000034c0250:   0000000000000066 00007f8d751103b0
0x00007000034c0260:   0000000000000007 00007000034c06b0
0x00007000034c0270:   00007000034c06a0 00000001031e60ec
0x00007000034c0280:   000000010fdc0223 000000010d913000
0x00007000034c0290:   00007000034c0668 000000010dd0e100
0x00007000034c02a0:   00007000034c05a0 00007000034c06b0
0x00007000034c02b0:   0000000101f49000 fd00000070001002
0x00007000034c02c0:   000000010da7ffff 0000000000000000
0x00007000034c02d0:   0000000000000000 000000000000000d
0x00007000034c02e0:   00007fff9c24f000 000000000000000e 

Instructions: (pc=0x0000000120a72ebf)
0x0000000120a72e9f:   f2 0f 2a 5d f4 f2 0f 5e d3 f2 0f 59 55 d8 48 63
0x0000000120a72eaf:   b5 6c ff ff ff 48 8b 7d c0 48 c1 e6 06 48 01 f7
0x0000000120a72ebf:   f2 0f 11 57 20 f2 0f 10 55 a0 48 63 b5 6c ff ff
0x0000000120a72ecf:   ff 48 8b 7d c0 48 c1 e6 06 48 01 f7 f2 0f 58 57 

Register to memory mapping:

RAX=0x0000000000000040 is an unknown value
RBX={method} {0x000000010dd130c0} 'generateTrajectory' '([Ljaci/pathfinder/Waypoint;Ljaci/pathfinder/Trajectory$FitMethod;IDDDD)[Ljaci/pathfinder/Trajectory$Segment;' in 'jaci/pathfinder/PathfinderJNI'
RCX=0x00007000034c0150 is an unknown value
RDX=0x0000000000000040 is an unknown value
RSP=0x00007000034c00f0 is an unknown value
RBP=0x00007000034c01d0 is an unknown value
RSI=0x0000000002791800 is an unknown value
RDI=0x00007f8d78800000 is an unknown value
R8 =0x000000035614d6c0 is an unknown value
R9 =0x0000000120a77000 is an unknown value
R10=0x0000000000000000 is an unknown value
R11=0xfffff0728acc0190 is an unknown value
R12=0x0000000000000000 is an unknown value
R13={method} {0x000000010dd130c0} 'generateTrajectory' '([Ljaci/pathfinder/Waypoint;Ljaci/pathfinder/Trajectory$FitMethod;IDDDD)[Ljaci/pathfinder/Trajectory$Segment;' in 'jaci/pathfinder/PathfinderJNI'
R14=0x00007000034c0730 is an unknown value
R15=0x00007f8d75807000 is an unknown value


Stack: [0x00007000033c1000,0x00007000034c1000],  sp=0x00007000034c00f0,  free space=1020k
Native frames: (J=compiled Java code, j=interpreted, Vv=VM code, C=native code)
C  [pathfinderJNI9118054645874385692.dylib+0x4ebf]  pf_trajectory_fromSecondOrderFilter+0x36f
C  [pathfinderJNI9118054645874385692.dylib+0x4a84]  pf_trajectory_create+0x44
C  [pathfinderJNI9118054645874385692.dylib+0x3f61]  pathfinder_generate+0xe1
C  [pathfinderJNI9118054645874385692.dylib+0x13dc]  Java_jaci_pathfinder_PathfinderJNI_generateTrajectory+0x19c
j  jaci.pathfinder.PathfinderJNI.generateTrajectory([Ljaci/pathfinder/Waypoint;Ljaci/pathfinder/Trajectory$FitMethod;IDDDD)[Ljaci/pathfinder/Trajectory$Segment;+0
j  jaci.pathfinder.PathfinderJNI.generateTrajectory([Ljaci/pathfinder/Waypoint;Ljaci/pathfinder/Trajectory$Config;)Ljaci/pathfinder/Trajectory;+29
j  jaci.pathfinder.Pathfinder.generate([Ljaci/pathfinder/Waypoint;Ljaci/pathfinder/Trajectory$Config;)Ljaci/pathfinder/Trajectory;+2
j  org.usfirst.frc.team4648.robot.position.WayPointChooser.getStops(ILjava/lang/String;)Ljava/util/List;+1955
j  org.usfirst.frc.team4648.robot.position.WayPointChooser.main([Ljava/lang/String;)V+3
v  ~StubRoutines::call_stub
V  [libjvm.dylib+0x2ee9aa]
V  [libjvm.dylib+0x3257c2]
V  [libjvm.dylib+0x31e539]
C  [java+0x3931]  JavaMain+0x9c4
C  [libsystem_pthread.dylib+0x393b]  _pthread_body+0xb4
C  [libsystem_pthread.dylib+0x3887]  _pthread_body+0x0
C  [libsystem_pthread.dylib+0x308d]  thread_start+0xd
C  0x0000000000000000

Java frames: (J=compiled Java code, j=interpreted, Vv=VM code)
j  jaci.pathfinder.PathfinderJNI.generateTrajectory([Ljaci/pathfinder/Waypoint;Ljaci/pathfinder/Trajectory$FitMethod;IDDDD)[Ljaci/pathfinder/Trajectory$Segment;+0
j  jaci.pathfinder.PathfinderJNI.generateTrajectory([Ljaci/pathfinder/Waypoint;Ljaci/pathfinder/Trajectory$Config;)Ljaci/pathfinder/Trajectory;+29
j  jaci.pathfinder.Pathfinder.generate([Ljaci/pathfinder/Waypoint;Ljaci/pathfinder/Trajectory$Config;)Ljaci/pathfinder/Trajectory;+2
j  org.usfirst.frc.team4648.robot.position.WayPointChooser.getStops(ILjava/lang/String;)Ljava/util/List;+1955
j  org.usfirst.frc.team4648.robot.position.WayPointChooser.main([Ljava/lang/String;)V+3
v  ~StubRoutines::call_stub

---------------  P R O C E S S  ---------------

Java Threads: ( => current thread )
  0x00007f8d7684f000 
[error occurred during error reporting (printing all threads), id 0xb]

VM state:not at safepoint (normal execution)

VM Mutex/Monitor currently owned by a thread:  ([mutex/lock_event])
[0x00007f8d73c0a050] PeriodicTask_lock - owner thread: 0x00007f8d7684f800

Heap:
 PSYoungGen      total 76288K, used 2621K [0x000000076ab00000, 0x0000000770000000, 0x00000007c0000000)
  eden space 65536K, 4% used [0x000000076ab00000,0x000000076ad8f5e8,0x000000076eb00000)
  from space 10752K, 0% used [0x000000076f580000,0x000000076f580000,0x0000000770000000)
  to   space 10752K, 0% used [0x000000076eb00000,0x000000076eb00000,0x000000076f580000)
 ParOldGen       total 175104K, used 0K [0x00000006c0000000, 0x00000006cab00000, 0x000000076ab00000)
  object space 175104K, 0% used [0x00000006c0000000,0x00000006c0000000,0x00000006cab00000)
 Metaspace       used 3391K, capacity 4568K, committed 4864K, reserved 1056768K
  class space    used 374K, capacity 392K, committed 512K, reserved 1048576K

Card table byte_map: [0x0000000104367000,0x0000000104b68000] byte_map_base: 0x0000000100d67000

Marking Bits: (ParMarkBitMap*) 0x00000001038f35d0
 Begin Bits: [0x00000001050be000, 0x00000001090be000)
 End Bits:   [0x00000001090be000, 0x000000010d0be000)

Polling page: 0x0000000101fed000

CodeCache: size=245760Kb used=1232Kb max_used=1246Kb free=244527Kb
 bounds [0x000000010fd9d000, 0x000000011000d000, 0x000000011ed9d000]
 total_blobs=336 nmethods=82 adapters=168
 compilation: enabled

Compilation events (10 events):
Event: 0.000 
[error occurred during error reporting (printing ring buffers), id 0xb]

Dynamic libraries:

[error occurred during error reporting (printing dynamic libraries), id 0xb]

VM Arguments:
jvm_args: -Djava.library.path=/Users/z001y5x/wpilib/user/java/lib -Dfile.encoding=UTF-8 
java_command: org.usfirst.frc.team4648.robot.position.WayPointChooser
java_class_path (initial): /Library/Java/JavaVirtualMachines/jdk1.8.0_151.jdk/Contents/Home/jre/lib/resources.jar:/Library/Java/JavaVirtualMachines/jdk1.8.0_151.jdk/Contents/Home/jre/lib/rt.jar:/Library/Java/JavaVirtualMachines/jdk1.8.0_151.jdk/Contents/Home/jre/lib/jsse.jar:/Library/Java/JavaVirtualMachines/jdk1.8.0_151.jdk/Contents/Home/jre/lib/jce.jar:/Library/Java/JavaVirtualMachines/jdk1.8.0_151.jdk/Contents/Home/jre/lib/charsets.jar:/Library/Java/JavaVirtualMachines/jdk1.8.0_151.jdk/Contents/Home/jre/lib/jfr.jar:/Library/Java/JavaVirtualMachines/jdk1.8.0_151.jdk/Contents/Home/jre/lib/ext/cldrdata.jar:/Library/Java/JavaVirtualMachines/jdk1.8.0_151.jdk/Contents/Home/jre/lib/ext/dnsns.jar:/Library/Java/JavaVirtualMachines/jdk1.8.0_151.jdk/Contents/Home/jre/lib/ext/jaccess.jar:/Library/Java/JavaVirtualMachines/jdk1.8.0_151.jdk/Contents/Home/jre/lib/ext/jfxrt.jar:/Library/Java/JavaVirtualMachines/jdk1.8.0_151.jdk/Contents/Home/jre/lib/ext/localedata.jar:/Library/Java/JavaVirtualMachines/jdk1.8.0_151.jdk/Contents/Home/jre/lib/ext/nashorn.jar:/Library/Java/JavaVirtualMachines/jdk1.8.0_151.jdk/Contents/Home/jre/lib/ext/sunec.jar:/Library/Java/JavaVirtualMachines/jdk1.8.0_151.jdk/Contents/Home/jre/lib/ext/sunjce_provider.jar:/Library/Java/JavaVirtualMachines/jdk1.8.0_151.jdk/Contents/Home/jre/lib/ext/sunpkcs11.jar:/Library/Java/JavaVirtualMachines/jdk1.8.0_151.jdk/Contents/Home/jre/lib/ext/zipfs.jar:/System/Library/Java/Extensions/MRJToolkit.jar:/Users/z001y5x/technotech/4648_proto/bin:/Users/z001y5x/wpilib/java/current/lib/WPILib.jar:/Users/z001y5x/wpilib/java/current/lib/ntcore.jar:/Users/z001y5x/wpilib/java/current/lib/opencv.jar:/Users/z001y5x/wpilib/java/current/lib/cscore.jar:/Users/z001y5x/wpilib/java/current/lib/wpiutil.jar:/Users/z001y5x/wpilib/user/java/lib/Pathfinder-Java.jar
Launcher Type: SUN_STANDARD

Environment Variables:
PATH=/usr/bin:/bin:/usr/sbin:/sbin
SHELL=/bin/zsh

Signal Handlers:
SIGSEGV: [libjvm.dylib+0x5b27a5], sa_mask[0]=11111111011111110111111111111111, sa_flags=SA_ONSTACK|SA_RESTART|SA_SIGINFO
SIGBUS: [libjvm.dylib+0x5b27a5], sa_mask[0]=11111111011111110111111111111111, sa_flags=SA_RESTART|SA_SIGINFO
SIGFPE: [libjvm.dylib+0x4891c4], sa_mask[0]=11111111011111110111111111111111, sa_flags=SA_RESTART|SA_SIGINFO
SIGPIPE: [libjvm.dylib+0x4891c4], sa_mask[0]=11111111011111110111111111111111, sa_flags=SA_RESTART|SA_SIGINFO
SIGXFSZ: [libjvm.dylib+0x4891c4], sa_mask[0]=11111111011111110111111111111111, sa_flags=SA_RESTART|SA_SIGINFO
SIGILL: [libjvm.dylib+0x4891c4], sa_mask[0]=11111111011111110111111111111111, sa_flags=SA_RESTART|SA_SIGINFO
SIGUSR1: SIG_DFL, sa_mask[0]=00000000000000000000000000000000, sa_flags=none
SIGUSR2: [libjvm.dylib+0x488ce2], sa_mask[0]=00100000000000000000000000000000, sa_flags=SA_RESTART|SA_SIGINFO
SIGHUP: [libjvm.dylib+0x4872b9], sa_mask[0]=11111111011111110111111111111111, sa_flags=SA_RESTART|SA_SIGINFO
SIGINT: [libjvm.dylib+0x4872b9], sa_mask[0]=11111111011111110111111111111111, sa_flags=SA_RESTART|SA_SIGINFO
SIGTERM: [libjvm.dylib+0x4872b9], sa_mask[0]=11111111011111110111111111111111, sa_flags=SA_RESTART|SA_SIGINFO
SIGQUIT: [libjvm.dylib+0x4872b9], sa_mask[0]=11111111011111110111111111111111, sa_flags=SA_RESTART|SA_SIGINFO


---------------  S Y S T E M  ---------------

OS:Bsduname:Darwin 16.7.0 Darwin Kernel Version 16.7.0: Thu Jan 11 22:59:40 PST 2018; root:xnu-3789.73.8~1/RELEASE_X86_64 x86_64
rlimit: STACK 8192k, CORE 0k, NPROC 709, NOFILE 10240, AS infinity
load average:2.64 3.45 3.54

CPU:total 8 (initial active 8) (4 cores per cpu, 2 threads per core) family 6 model 70 stepping 1, cmov, cx8, fxsr, mmx, sse, sse2, sse3, ssse3, sse4.1, sse4.2, popcnt, avx, avx2, aes, clmul, erms, lzcnt, ht, tsc, tscinvbit, bmi1, bmi2

Memory: 4k page, physical 16777216k(1941808k free)

/proc/meminfo:


vm_info: Java HotSpot(TM) 64-Bit Server VM (25.151-b12) for bsd-amd64 JRE (1.8.0_151-b12), built on Sep  5 2017 19:37:08 by "java_re" with gcc 4.2.1 (Based on Apple Inc. build 5658) (LLVM build 2336.11.00)

time: Fri Feb 16 17:06:55 2018
elapsed time: 0 seconds (0d 0h 0m 0s)

